<?xml version="1.0" encoding="UTF-8"?>
<!-- Generated by org.testng.reporters.JUnitReportReporter -->
<testsuite skipped="0" hostname="Swati" name="com.bridgelabz.LoginTest" tests="1" failures="0" timestamp="13 May 2020 08:22:12 GMT" time="12.550" errors="0">
  <testcase name="givenLoginPage_WhenEnterTheLoginDetail_ShouldLoginSuccessful" time="12.550" classname="com.bridgelabz.LoginTest"/>
</testsuite> <!-- com.bridgelabz.LoginTest -->
