<?xml version="1.0" encoding="UTF-8"?>
<!-- Generated by org.testng.reporters.JUnitReportReporter -->
<testsuite skipped="0" hostname="Swati" name="com.bridgelabz.SearchTest" tests="1" failures="0" timestamp="13 May 2020 08:22:12 GMT" time="12.741" errors="0">
  <testcase name="givenAuthorName_whenSearchBook_ShouldReturnThisBook" time="12.741" classname="com.bridgelabz.SearchTest"/>
</testsuite> <!-- com.bridgelabz.SearchTest -->
