<?xml version="1.0" encoding="UTF-8"?>
<!-- Generated by org.testng.reporters.JUnitReportReporter -->
<testsuite skipped="0" hostname="Swati" name="com.bridgelabz.SearchTest" tests="1" failures="0" timestamp="17 May 2020 12:10:47 GMT" time="0.172" errors="0">
  <testcase name="givenPublisherName_whenSearchBook_ShouldReturnThisBook" time="0.172" classname="com.bridgelabz.SearchTest"/>
</testsuite> <!-- com.bridgelabz.SearchTest -->
