<?xml version="1.0" encoding="UTF-8"?>
<!-- Generated by org.testng.reporters.JUnitReportReporter -->
<testsuite skipped="0" hostname="Swati" name="com.bridgelabz.CartHandleTest" tests="1" failures="0" timestamp="17 May 2020 12:10:47 GMT" time="10.301" errors="0">
  <testcase name="buyNow" time="10.301" classname="com.bridgelabz.CartHandleTest"/>
</testsuite> <!-- com.bridgelabz.CartHandleTest -->
